<?xml version="1.0" encoding="UTF-8"?>
<!-- Generated by org.testng.reporters.JUnitXMLReporter -->
<testsuite hostname="mubashir-desktop" ignored="0" name="Default test" tests="23" failures="0" timestamp="19 Sep 2017 12:23:22 GMT" time="87.039" errors="0">
  <testcase name="test1" time="3.376" classname="com.agro.TestCase"/>
  <testcase name="test2" time="3.165" classname="com.agro.TestCase"/>
  <testcase name="test3" time="3.199" classname="com.agro.TestCase"/>
  <testcase name="test4" time="3.179" classname="com.agro.TestCase"/>
  <testcase name="test5" time="6.726" classname="com.agro.TestCase"/>
  <testcase name="test6" time="0.072" classname="com.agro.TestCase"/>
  <testcase name="test7" time="1.672" classname="com.agro.TestCase"/>
  <testcase name="test8" time="8.492" classname="com.agro.TestCase"/>
  <testcase name="test9" time="3.213" classname="com.agro.TestCase"/>
  <testcase name="test10" time="3.201" classname="com.agro.TestCase"/>
  <testcase name="test11" time="3.166" classname="com.agro.TestCase"/>
  <testcase name="test12" time="3.163" classname="com.agro.TestCase"/>
  <testcase name="test13" time="3.139" classname="com.agro.TestCase"/>
  <testcase name="test14" time="3.181" classname="com.agro.TestCase"/>
  <testcase name="test15" time="3.186" classname="com.agro.TestCase"/>
  <testcase name="test16" time="3.22" classname="com.agro.TestCase"/>
  <testcase name="test17" time="3.247" classname="com.agro.TestCase"/>
  <testcase name="test18" time="3.156" classname="com.agro.TestCase"/>
  <testcase name="test19" time="3.218" classname="com.agro.TestCase"/>
  <testcase name="test20" time="3.215" classname="com.agro.TestCase"/>
  <testcase name="test21" time="3.171" classname="com.agro.TestCase"/>
  <testcase name="test22" time="3.221" classname="com.agro.TestCase"/>
  <testcase name="test23" time="0.482" classname="com.agro.TestCase"/>
</testsuite> <!-- Default test -->
