<?xml version="1.0" encoding="UTF-8"?>
<!-- Generated by org.testng.reporters.JUnitXMLReporter -->
<testsuite hostname="mubashir-desktop" ignored="0" name="Regression suite 1" tests="23" failures="16" timestamp="19 Sep 2017 10:04:57 GMT" time="28.898" errors="0">
  <testcase name="test1" time="3.213" classname="com.agro.TestCase"/>
  <testcase name="test2" time="3.186" classname="com.agro.TestCase"/>
  <testcase name="test3" time="3.178" classname="com.agro.TestCase"/>
  <testcase name="test4" time="3.165" classname="com.agro.TestCase"/>
  <testcase name="test5" time="6.67" classname="com.agro.TestCase"/>
  <testcase name="test6" time="0.076" classname="com.agro.TestCase"/>
  <testcase name="test7" time="1.635" classname="com.agro.TestCase"/>
  <testcase name="test10" time="0.005" classname="com.agro.TestCasesForHome">
    <failure type="java.lang.NullPointerException">
      <![CDATA[java.lang.NullPointerException
	at com.agro.HomePage_Elements.logo_of_agro(HomePage_Elements.java:24)
	at com.agro.TestCasesForHome.test10(TestCasesForHome.java:59)
... Removed 25 stack frames]]>
    </failure>
  </testcase> <!-- test10 -->
  <testcase name="test11" time="0.002" classname="com.agro.TestCasesForHome">
    <failure type="java.lang.NullPointerException">
      <![CDATA[java.lang.NullPointerException
	at com.agro.HomePage_Elements.hamburgerMenu(HomePage_Elements.java:29)
	at com.agro.TestCasesForHome.test11(TestCasesForHome.java:75)
... Removed 25 stack frames]]>
    </failure>
  </testcase> <!-- test11 -->
  <testcase name="test12" time="0.002" classname="com.agro.TestCasesForHome">
    <failure type="java.lang.NullPointerException">
      <![CDATA[java.lang.NullPointerException
	at com.agro.HomePage_Elements.searchButton(HomePage_Elements.java:34)
	at com.agro.TestCasesForHome.test12(TestCasesForHome.java:90)
... Removed 25 stack frames]]>
    </failure>
  </testcase> <!-- test12 -->
  <testcase name="test13" time="0.003" classname="com.agro.TestCasesForHome">
    <failure type="java.lang.NullPointerException">
      <![CDATA[java.lang.NullPointerException
	at com.agro.HomePage_Elements.searchBar(HomePage_Elements.java:39)
	at com.agro.TestCasesForHome.test13(TestCasesForHome.java:105)
... Removed 25 stack frames]]>
    </failure>
  </testcase> <!-- test13 -->
  <testcase name="test14" time="0.003" classname="com.agro.TestCasesForHome">
    <failure type="java.lang.NullPointerException">
      <![CDATA[java.lang.NullPointerException
	at com.agro.HomePage_Elements.getLocationfield(HomePage_Elements.java:44)
	at com.agro.TestCasesForHome.test14(TestCasesForHome.java:120)
... Removed 25 stack frames]]>
    </failure>
  </testcase> <!-- test14 -->
  <testcase name="test15" time="0.003" classname="com.agro.TestCasesForHome">
    <failure type="java.lang.NullPointerException">
      <![CDATA[java.lang.NullPointerException
	at com.agro.HomePage_Elements.messageField(HomePage_Elements.java:49)
	at com.agro.TestCasesForHome.test15(TestCasesForHome.java:135)
... Removed 25 stack frames]]>
    </failure>
  </testcase> <!-- test15 -->
  <testcase name="test16" time="0.003" classname="com.agro.TestCasesForHome">
    <failure type="java.lang.NullPointerException">
      <![CDATA[java.lang.NullPointerException
	at com.agro.HomePage_Elements.reportsField(HomePage_Elements.java:54)
	at com.agro.TestCasesForHome.test16(TestCasesForHome.java:150)
... Removed 25 stack frames]]>
    </failure>
  </testcase> <!-- test16 -->
  <testcase name="test17" time="0.002" classname="com.agro.TestCasesForHome">
    <failure type="java.lang.NullPointerException">
      <![CDATA[java.lang.NullPointerException
	at com.agro.HomePage_Elements.logoutButton(HomePage_Elements.java:59)
	at com.agro.TestCasesForHome.test17(TestCasesForHome.java:165)
... Removed 25 stack frames]]>
    </failure>
  </testcase> <!-- test17 -->
  <testcase name="test18" time="0.005" classname="com.agro.TestCasesForHome">
    <failure type="java.lang.NullPointerException">
      <![CDATA[java.lang.NullPointerException
	at com.agro.HomePage_Elements.profilePic(HomePage_Elements.java:64)
	at com.agro.TestCasesForHome.test18(TestCasesForHome.java:180)
... Removed 25 stack frames]]>
    </failure>
  </testcase> <!-- test18 -->
  <testcase name="test19" time="0.002" classname="com.agro.TestCasesForHome">
    <failure type="java.lang.NullPointerException">
      <![CDATA[java.lang.NullPointerException
	at com.agro.HomePage_Elements.userName(HomePage_Elements.java:69)
	at com.agro.TestCasesForHome.test19(TestCasesForHome.java:195)
... Removed 25 stack frames]]>
    </failure>
  </testcase> <!-- test19 -->
  <testcase name="test20" time="0.002" classname="com.agro.TestCasesForHome">
    <failure type="java.lang.NullPointerException">
      <![CDATA[java.lang.NullPointerException
	at com.agro.HomePage_Elements.userDesignation(HomePage_Elements.java:74)
	at com.agro.TestCasesForHome.test20(TestCasesForHome.java:210)
... Removed 25 stack frames]]>
    </failure>
  </testcase> <!-- test20 -->
  <testcase name="test21" time="0.003" classname="com.agro.TestCasesForHome">
    <failure type="java.lang.NullPointerException">
      <![CDATA[java.lang.NullPointerException
	at com.agro.HomePage_Elements.shareRate(HomePage_Elements.java:79)
	at com.agro.TestCasesForHome.test21(TestCasesForHome.java:225)
... Removed 25 stack frames]]>
    </failure>
  </testcase> <!-- test21 -->
  <testcase name="test22" time="0.011" classname="com.agro.TestCasesForHome">
    <failure type="java.lang.NullPointerException">
      <![CDATA[java.lang.NullPointerException
	at com.agro.HomePage_Elements.rateText(HomePage_Elements.java:84)
	at com.agro.TestCasesForHome.test22(TestCasesForHome.java:240)
... Removed 25 stack frames]]>
    </failure>
  </testcase> <!-- test22 -->
  <testcase name="test23" time="0.001" classname="com.agro.TestCasesForHome">
    <failure type="java.lang.NullPointerException">
      <![CDATA[java.lang.NullPointerException
	at com.agro.HomePage_Elements.menuItems(HomePage_Elements.java:89)
	at com.agro.HomePage.menuItemsList(HomePage.java:189)
	at com.agro.TestCasesForHome.test23(TestCasesForHome.java:256)
... Removed 25 stack frames]]>
    </failure>
  </testcase> <!-- test23 -->
  <testcase name="test8" time="0.001" classname="com.agro.TestCasesForHome">
    <failure type="java.lang.NullPointerException">
      <![CDATA[java.lang.NullPointerException
	at com.agro.HomePage_Elements.location_PopUp(HomePage_Elements.java:13)
	at com.agro.TestCasesForHome.test8(TestCasesForHome.java:28)
... Removed 25 stack frames]]>
    </failure>
  </testcase> <!-- test8 -->
  <testcase name="test9" time="0.002" classname="com.agro.TestCasesForHome">
    <failure type="java.lang.NullPointerException">
      <![CDATA[java.lang.NullPointerException
	at com.agro.HomePage_Elements.topMenuBar(HomePage_Elements.java:19)
	at com.agro.TestCasesForHome.test9(TestCasesForHome.java:44)
... Removed 25 stack frames]]>
    </failure>
  </testcase> <!-- test9 -->
</testsuite> <!-- Regression suite 1 -->
