<?xml version="1.0" encoding="UTF-8"?>
<!-- Generated by org.testng.reporters.JUnitXMLReporter -->
<testsuite hostname="mubashir-desktop" ignored="0" name="Command line test" tests="23" failures="23" timestamp="19 Sep 2017 10:17:40 GMT" time="81.441" errors="0">
  <testcase name="test1" time="3.199" classname="com.agro.TestCase">
    <failure type="java.lang.NoClassDefFoundError" message="junit/framework/Assert">
      <![CDATA[java.lang.NoClassDefFoundError: junit/framework/Assert
	at com.agro.TestCase.test1(TestCase.java:83)
	at com.agro.Runa.main(Runa.java:12)
Caused by: java.lang.ClassNotFoundException: junit.framework.Assert
	at java.net.URLClassLoader.findClass(URLClassLoader.java:381)
	at java.lang.ClassLoader.loadClass(ClassLoader.java:424)
	at sun.misc.Launcher$AppClassLoader.loadClass(Launcher.java:335)
	at java.lang.ClassLoader.loadClass(ClassLoader.java:357)
	... 24 more
... Removed 22 stack frames]]>
    </failure>
  </testcase> <!-- test1 -->
  <testcase name="test2" time="3.162" classname="com.agro.TestCase">
    <failure type="java.lang.NoClassDefFoundError" message="junit/framework/Assert">
      <![CDATA[java.lang.NoClassDefFoundError: junit/framework/Assert
	at com.agro.TestCase.test2(TestCase.java:101)
	at com.agro.Runa.main(Runa.java:12)
... Removed 22 stack frames]]>
    </failure>
  </testcase> <!-- test2 -->
  <testcase name="test3" time="3.158" classname="com.agro.TestCase">
    <failure type="java.lang.NoClassDefFoundError" message="junit/framework/Assert">
      <![CDATA[java.lang.NoClassDefFoundError: junit/framework/Assert
	at com.agro.TestCase.test3(TestCase.java:119)
	at com.agro.Runa.main(Runa.java:12)
... Removed 22 stack frames]]>
    </failure>
  </testcase> <!-- test3 -->
  <testcase name="test4" time="3.155" classname="com.agro.TestCase">
    <failure type="java.lang.NoClassDefFoundError" message="junit/framework/Assert">
      <![CDATA[java.lang.NoClassDefFoundError: junit/framework/Assert
	at com.agro.TestCase.test4(TestCase.java:137)
	at com.agro.Runa.main(Runa.java:12)
... Removed 22 stack frames]]>
    </failure>
  </testcase> <!-- test4 -->
  <testcase name="test5" time="6.642" classname="com.agro.TestCase">
    <failure type="java.lang.NoClassDefFoundError" message="junit/framework/Assert">
      <![CDATA[java.lang.NoClassDefFoundError: junit/framework/Assert
	at com.agro.TestCase.test5(TestCase.java:156)
	at com.agro.Runa.main(Runa.java:12)
... Removed 22 stack frames]]>
    </failure>
  </testcase> <!-- test5 -->
  <testcase name="test6" time="0.064" classname="com.agro.TestCase">
    <failure type="java.lang.NoClassDefFoundError" message="junit/framework/Assert">
      <![CDATA[java.lang.NoClassDefFoundError: junit/framework/Assert
	at com.agro.TestCase.test6(TestCase.java:173)
	at com.agro.Runa.main(Runa.java:12)
... Removed 22 stack frames]]>
    </failure>
  </testcase> <!-- test6 -->
  <testcase name="test7" time="1.585" classname="com.agro.TestCase">
    <failure type="java.lang.NoClassDefFoundError" message="junit/framework/Assert">
      <![CDATA[java.lang.NoClassDefFoundError: junit/framework/Assert
	at com.agro.TestCase.test7(TestCase.java:190)
	at com.agro.Runa.main(Runa.java:12)
... Removed 22 stack frames]]>
    </failure>
  </testcase> <!-- test7 -->
  <testcase name="test8" time="8.27" classname="com.agro.TestCase">
    <failure type="java.lang.NoClassDefFoundError" message="junit/framework/Assert">
      <![CDATA[java.lang.NoClassDefFoundError: junit/framework/Assert
	at com.agro.TestCase.test8(TestCase.java:205)
	at com.agro.Runa.main(Runa.java:12)
... Removed 22 stack frames]]>
    </failure>
  </testcase> <!-- test8 -->
  <testcase name="test9" time="3.191" classname="com.agro.TestCase">
    <failure type="java.lang.NoClassDefFoundError" message="junit/framework/Assert">
      <![CDATA[java.lang.NoClassDefFoundError: junit/framework/Assert
	at com.agro.TestCase.test9(TestCase.java:220)
	at com.agro.Runa.main(Runa.java:12)
... Removed 22 stack frames]]>
    </failure>
  </testcase> <!-- test9 -->
  <testcase name="test10" time="3.156" classname="com.agro.TestCase">
    <failure type="java.lang.NoClassDefFoundError" message="junit/framework/Assert">
      <![CDATA[java.lang.NoClassDefFoundError: junit/framework/Assert
	at com.agro.TestCase.test10(TestCase.java:235)
	at com.agro.Runa.main(Runa.java:12)
... Removed 22 stack frames]]>
    </failure>
  </testcase> <!-- test10 -->
  <testcase name="test11" time="3.152" classname="com.agro.TestCase">
    <failure type="java.lang.NoClassDefFoundError" message="junit/framework/Assert">
      <![CDATA[java.lang.NoClassDefFoundError: junit/framework/Assert
	at com.agro.TestCase.test11(TestCase.java:251)
	at com.agro.Runa.main(Runa.java:12)
... Removed 22 stack frames]]>
    </failure>
  </testcase> <!-- test11 -->
  <testcase name="test12" time="3.149" classname="com.agro.TestCase">
    <failure type="java.lang.NoClassDefFoundError" message="junit/framework/Assert">
      <![CDATA[java.lang.NoClassDefFoundError: junit/framework/Assert
	at com.agro.TestCase.test12(TestCase.java:266)
	at com.agro.Runa.main(Runa.java:12)
... Removed 22 stack frames]]>
    </failure>
  </testcase> <!-- test12 -->
  <testcase name="test13" time="3.129" classname="com.agro.TestCase">
    <failure type="java.lang.NoClassDefFoundError" message="junit/framework/Assert">
      <![CDATA[java.lang.NoClassDefFoundError: junit/framework/Assert
	at com.agro.TestCase.test13(TestCase.java:281)
	at com.agro.Runa.main(Runa.java:12)
... Removed 22 stack frames]]>
    </failure>
  </testcase> <!-- test13 -->
  <testcase name="test14" time="3.16" classname="com.agro.TestCase">
    <failure type="java.lang.NoClassDefFoundError" message="junit/framework/Assert">
      <![CDATA[java.lang.NoClassDefFoundError: junit/framework/Assert
	at com.agro.TestCase.test14(TestCase.java:296)
	at com.agro.Runa.main(Runa.java:12)
... Removed 22 stack frames]]>
    </failure>
  </testcase> <!-- test14 -->
  <testcase name="test15" time="3.184" classname="com.agro.TestCase">
    <failure type="java.lang.NoClassDefFoundError" message="junit/framework/Assert">
      <![CDATA[java.lang.NoClassDefFoundError: junit/framework/Assert
	at com.agro.TestCase.test15(TestCase.java:311)
	at com.agro.Runa.main(Runa.java:12)
... Removed 22 stack frames]]>
    </failure>
  </testcase> <!-- test15 -->
  <testcase name="test16" time="3.199" classname="com.agro.TestCase">
    <failure type="java.lang.NoClassDefFoundError" message="junit/framework/Assert">
      <![CDATA[java.lang.NoClassDefFoundError: junit/framework/Assert
	at com.agro.TestCase.test16(TestCase.java:326)
	at com.agro.Runa.main(Runa.java:12)
... Removed 22 stack frames]]>
    </failure>
  </testcase> <!-- test16 -->
  <testcase name="test17" time="3.19" classname="com.agro.TestCase">
    <failure type="java.lang.NoClassDefFoundError" message="junit/framework/Assert">
      <![CDATA[java.lang.NoClassDefFoundError: junit/framework/Assert
	at com.agro.TestCase.test17(TestCase.java:341)
	at com.agro.Runa.main(Runa.java:12)
... Removed 22 stack frames]]>
    </failure>
  </testcase> <!-- test17 -->
  <testcase name="test18" time="3.149" classname="com.agro.TestCase">
    <failure type="java.lang.NoClassDefFoundError" message="junit/framework/Assert">
      <![CDATA[java.lang.NoClassDefFoundError: junit/framework/Assert
	at com.agro.TestCase.test18(TestCase.java:356)
	at com.agro.Runa.main(Runa.java:12)
... Removed 22 stack frames]]>
    </failure>
  </testcase> <!-- test18 -->
  <testcase name="test19" time="3.203" classname="com.agro.TestCase">
    <failure type="java.lang.NoClassDefFoundError" message="junit/framework/Assert">
      <![CDATA[java.lang.NoClassDefFoundError: junit/framework/Assert
	at com.agro.TestCase.test19(TestCase.java:371)
	at com.agro.Runa.main(Runa.java:12)
... Removed 22 stack frames]]>
    </failure>
  </testcase> <!-- test19 -->
  <testcase name="test20" time="3.205" classname="com.agro.TestCase">
    <failure type="java.lang.NoClassDefFoundError" message="junit/framework/Assert">
      <![CDATA[java.lang.NoClassDefFoundError: junit/framework/Assert
	at com.agro.TestCase.test20(TestCase.java:386)
	at com.agro.Runa.main(Runa.java:12)
... Removed 22 stack frames]]>
    </failure>
  </testcase> <!-- test20 -->
  <testcase name="test21" time="3.159" classname="com.agro.TestCase">
    <failure type="java.lang.NoClassDefFoundError" message="junit/framework/Assert">
      <![CDATA[java.lang.NoClassDefFoundError: junit/framework/Assert
	at com.agro.TestCase.test21(TestCase.java:401)
	at com.agro.Runa.main(Runa.java:12)
... Removed 22 stack frames]]>
    </failure>
  </testcase> <!-- test21 -->
  <testcase name="test22" time="3.221" classname="com.agro.TestCase">
    <failure type="java.lang.NoClassDefFoundError" message="junit/framework/Assert">
      <![CDATA[java.lang.NoClassDefFoundError: junit/framework/Assert
	at com.agro.TestCase.test22(TestCase.java:416)
	at com.agro.Runa.main(Runa.java:12)
... Removed 22 stack frames]]>
    </failure>
  </testcase> <!-- test22 -->
  <testcase name="test23" time="0.498" classname="com.agro.TestCase">
    <failure type="java.lang.NoClassDefFoundError" message="junit/framework/Assert">
      <![CDATA[java.lang.NoClassDefFoundError: junit/framework/Assert
	at com.agro.TestCase.test23(TestCase.java:430)
	at com.agro.Runa.main(Runa.java:12)
... Removed 22 stack frames]]>
    </failure>
  </testcase> <!-- test23 -->
</testsuite> <!-- Command line test -->
