<?xml version="1.0" encoding="UTF-8"?>
<testng-results skipped="0" failed="0" ignored="0" total="7" passed="7">
  <reporter-output>
  </reporter-output>
  <suite name="Default suite" duration-ms="7920" started-at="2017-09-13T12:21:50Z" finished-at="2017-09-13T12:21:58Z">
    <groups>
    </groups>
    <test name="Default test" duration-ms="7920" started-at="2017-09-13T12:21:50Z" finished-at="2017-09-13T12:21:58Z">
      <class name="com.agro.TestCase">
        <test-method status="PASS" signature="init()[pri:0, instance:com.agro.TestCase@5c3bd550]" name="init" is-config="true" duration-ms="5308" started-at="2017-09-13T17:51:50Z" finished-at="2017-09-13T17:51:56Z">
          <reporter-output>
          </reporter-output>
        </test-method> <!-- init -->
        <test-method status="PASS" signature="test1()[pri:0, instance:com.agro.TestCase@5c3bd550]" name="test1" duration-ms="121" started-at="2017-09-13T17:51:56Z" finished-at="2017-09-13T17:51:56Z">
          <reporter-output>
          </reporter-output>
        </test-method> <!-- test1 -->
        <test-method status="PASS" signature="test2()[pri:0, instance:com.agro.TestCase@5c3bd550]" name="test2" duration-ms="89" started-at="2017-09-13T17:51:56Z" finished-at="2017-09-13T17:51:56Z">
          <reporter-output>
          </reporter-output>
        </test-method> <!-- test2 -->
        <test-method status="PASS" signature="test3()[pri:0, instance:com.agro.TestCase@5c3bd550]" name="test3" duration-ms="78" started-at="2017-09-13T17:51:56Z" finished-at="2017-09-13T17:51:56Z">
          <reporter-output>
          </reporter-output>
        </test-method> <!-- test3 -->
        <test-method status="PASS" signature="test4()[pri:0, instance:com.agro.TestCase@5c3bd550]" name="test4" duration-ms="79" started-at="2017-09-13T17:51:56Z" finished-at="2017-09-13T17:51:56Z">
          <reporter-output>
          </reporter-output>
        </test-method> <!-- test4 -->
        <test-method status="PASS" signature="test5()[pri:0, instance:com.agro.TestCase@5c3bd550]" name="test5" duration-ms="454" started-at="2017-09-13T17:51:56Z" finished-at="2017-09-13T17:51:57Z">
          <reporter-output>
          </reporter-output>
        </test-method> <!-- test5 -->
        <test-method status="PASS" signature="test6()[pri:0, instance:com.agro.TestCase@5c3bd550]" name="test6" duration-ms="68" started-at="2017-09-13T17:51:57Z" finished-at="2017-09-13T17:51:57Z">
          <reporter-output>
          </reporter-output>
        </test-method> <!-- test6 -->
        <test-method status="PASS" signature="test7()[pri:0, instance:com.agro.TestCase@5c3bd550]" name="test7" duration-ms="1499" started-at="2017-09-13T17:51:57Z" finished-at="2017-09-13T17:51:58Z">
          <reporter-output>
          </reporter-output>
        </test-method> <!-- test7 -->
        <test-method status="PASS" signature="end()[pri:0, instance:com.agro.TestCase@5c3bd550]" name="end" is-config="true" duration-ms="164" started-at="2017-09-13T17:51:58Z" finished-at="2017-09-13T17:51:58Z">
          <reporter-output>
          </reporter-output>
        </test-method> <!-- end -->
      </class> <!-- com.agro.TestCase -->
    </test> <!-- Default test -->
  </suite> <!-- Default suite -->
</testng-results>
